<?xml version="1.0" encoding="UTF-8"?>
<!-- Generated by org.testng.reporters.JUnitReportReporter -->
<testsuite hostname="DESKTOP-7NA2GMB" failures="0" tests="5" name="practice2.CreateCampaign" time="0.005" errors="0" timestamp="2022-03-16T15:03:37 IST" skipped="0">
  <testcase classname="practice2.CreateCampaign" name="camp" time="0.002"/>
  <system-out/>
  <testcase classname="practice2.CreateCampaign" name="helpDesk" time="0.001"/>
  <system-out/>
  <testcase classname="practice2.CreateCampaign" name="logoutPage" time="0.001"/>
  <system-out/>
  <testcase classname="practice2.CreateCampaign" name="loginPage" time="0.001"/>
  <system-out/>
  <testcase classname="practice2.CreateCampaign" name="organization" time="0.000"/>
  <system-out/>
</testsuite> <!-- practice2.CreateCampaign -->
