<?xml version="1.0" encoding="UTF-8"?>
<!-- Generated by org.testng.reporters.JUnitReportReporter -->
<testsuite hostname="DESKTOP-7NA2GMB" failures="0" tests="1" name="com.Oppurtunity.OppurtunityTeamSelling" time="30.538" errors="0" timestamp="2022-03-16T17:11:48 IST" skipped="0">
  <testcase classname="com.Oppurtunity.OppurtunityTeamSelling" name="createopportunityWithTeamSelling" time="30.538"/>
  <system-out>
    <![CDATA[Organization name is correct
Opportunity name is correct]]>
  </system-out>
</testsuite> <!-- com.Oppurtunity.OppurtunityTeamSelling -->
