<?xml version="1.0" encoding="UTF-8"?>
<!-- Generated by org.testng.reporters.JUnitReportReporter -->
<testsuite hostname="DESKTOP-7NA2GMB" failures="0" tests="3" name="practice.ContactWithDataProvider" time="31.694" errors="0" timestamp="2022-03-14T14:30:28 IST" skipped="0">
  <testcase classname="practice.ContactWithDataProvider" name="contact" time="12.216"/>
  <system-out/>
  <testcase classname="practice.ContactWithDataProvider" name="contact" time="9.536"/>
  <system-out/>
  <testcase classname="practice.ContactWithDataProvider" name="contact" time="9.942"/>
  <system-out/>
</testsuite> <!-- practice.ContactWithDataProvider -->
