<?xml version="1.0" encoding="UTF-8"?>
<!-- Generated by org.testng.reporters.JUnitReportReporter -->
<testsuite hostname="DESKTOP-7NA2GMB" failures="0" tests="5" name="practice2.CreateCampaignPrcTest" time="0.012" errors="0" timestamp="2022-03-22T21:56:29 IST" skipped="0">
  <testcase classname="practice2.CreateCampaignPrcTest" name="loginPage" time="0.001"/>
  <system-out/>
  <testcase classname="practice2.CreateCampaignPrcTest" name="logoutPage" time="0.000"/>
  <system-out/>
  <testcase classname="practice2.CreateCampaignPrcTest" name="organization" time="0.001"/>
  <system-out/>
  <testcase classname="practice2.CreateCampaignPrcTest" name="camp" time="0.009"/>
  <system-out/>
  <testcase classname="practice2.CreateCampaignPrcTest" name="helpDesk" time="0.001"/>
  <system-out/>
</testsuite> <!-- practice2.CreateCampaignPrcTest -->
