<?xml version="1.0" encoding="UTF-8"?>
<!-- Generated by org.testng.reporters.JUnitReportReporter -->
<testsuite hostname="DESKTOP-7NA2GMB" failures="0" tests="1" name="com.produt.CreateProductTest" time="9.474" errors="0" timestamp="2022-03-23T14:18:44 IST" skipped="0">
  <testcase classname="com.produt.CreateProductTest" name="product" time="9.474"/>
  <system-out>
    <![CDATA[Product name is correct]]>
  </system-out>
</testsuite> <!-- com.produt.CreateProductTest -->
