<?xml version="1.0" encoding="UTF-8"?>
<!-- Generated by org.testng.reporters.JUnitReportReporter -->
<testsuite hostname="DESKTOP-7NA2GMB" failures="0" tests="1" name="com.produt.CreateProdmn" time="17.657" errors="0" timestamp="2022-03-16T16:57:30 IST" skipped="0">
  <testcase classname="com.produt.CreateProdmn" name="createProduct" time="17.657"/>
  <system-out>
    <![CDATA[Product name is correct]]>
  </system-out>
</testsuite> <!-- com.produt.CreateProdmn -->
