<?xml version="1.0" encoding="UTF-8"?>
<!-- Generated by org.testng.reporters.JUnitReportReporter -->
<testsuite hostname="DESKTOP-7NA2GMB" failures="0" tests="1" name="practice.PractiseTestng" time="0.011" errors="0" timestamp="2022-03-12T10:08:31 IST" skipped="0">
  <testcase classname="practice.PractiseTestng" name="m1" time="0.011"/>
  <system-out/>
</testsuite> <!-- practice.PractiseTestng -->
