<?xml version="1.0" encoding="UTF-8"?>
<!-- Generated by org.testng.reporters.JUnitReportReporter -->
<testsuite hostname="DESKTOP-7NA2GMB" failures="0" tests="1" name="practice2.TestNGxmlDemo" time="0.011" errors="0" timestamp="2022-03-16T14:41:41 IST" skipped="0">
  <testcase classname="practice2.TestNGxmlDemo" name="fetchDataFromxml" time="0.011"/>
  <system-out/>
</testsuite> <!-- practice2.TestNGxmlDemo -->
