<?xml version="1.0" encoding="UTF-8"?>
<!-- Generated by org.testng.reporters.JUnitReportReporter -->
<testsuite hostname="DESKTOP-7NA2GMB" failures="0" tests="5" name="practice2.Createopporutnity" time="0.014" errors="0" timestamp="2022-03-16T15:03:37 IST" skipped="0">
  <testcase classname="practice2.Createopporutnity" name="logout" time="0.001"/>
  <system-out/>
  <testcase classname="practice2.Createopporutnity" name="campaign" time="0.010"/>
  <system-out/>
  <testcase classname="practice2.Createopporutnity" name="login" time="0.001"/>
  <system-out/>
  <testcase classname="practice2.Createopporutnity" name="help" time="0.001"/>
  <system-out/>
  <testcase classname="practice2.Createopporutnity" name="opporutunity" time="0.001"/>
  <system-out/>
</testsuite> <!-- practice2.Createopporutnity -->
