<?xml version="1.0" encoding="UTF-8"?>
<!-- Generated by org.testng.reporters.JUnitReportReporter -->
<testsuite hostname="DESKTOP-7NA2GMB" failures="0" tests="2" name="practice2.CreateContactWithSmokeAndRegg" time="0.002" errors="0" timestamp="2022-03-16T15:03:37 IST" skipped="0">
  <testcase classname="practice2.CreateContactWithSmokeAndRegg" name="contact" time="0.001"/>
  <system-out/>
  <testcase classname="practice2.CreateContactWithSmokeAndRegg" name="information" time="0.001"/>
  <system-out/>
</testsuite> <!-- practice2.CreateContactWithSmokeAndRegg -->
