<?xml version="1.0" encoding="UTF-8"?>
<!-- Generated by org.testng.reporters.JUnitReportReporter -->
<testsuite hostname="DESKTOP-7NA2GMB" failures="0" tests="1" name="com.crm.organisation.OrgTestNGWithPomTest" time="15.662" errors="0" timestamp="2022-03-22T21:57:20 IST" skipped="0">
  <testcase classname="com.crm.organisation.OrgTestNGWithPomTest" name="createOrg" time="15.662"/>
  <system-out>
    <![CDATA[Organization is created with industry type]]>
  </system-out>
</testsuite> <!-- com.crm.organisation.OrgTestNGWithPomTest -->
