<?xml version="1.0" encoding="UTF-8"?>
<!-- Generated by org.testng.reporters.JUnitReportReporter -->
<testsuite hostname="DESKTOP-7NA2GMB" failures="0" tests="1" name="practice2.HardAssert" time="0.013" errors="0" timestamp="2022-03-16T16:17:38 IST" skipped="0">
  <testcase classname="practice2.HardAssert" name="hdast" time="0.013"/>
  <system-out/>
</testsuite> <!-- practice2.HardAssert -->
