<?xml version="1.0" encoding="UTF-8"?>
<!-- Generated by org.testng.reporters.JUnitReportReporter -->
<testsuite hostname="DESKTOP-7NA2GMB" failures="0" tests="1" name="com.campaign.CreateCampaignWithProductTest" time="19.344" errors="0" timestamp="2022-03-23T14:39:05 IST" skipped="0">
  <testcase classname="com.campaign.CreateCampaignWithProductTest" name="Campaign" time="19.344"/>
  <system-out>
    <![CDATA[Product name is correct]]>
  </system-out>
</testsuite> <!-- com.campaign.CreateCampaignWithProductTest -->
