<?xml version="1.0" encoding="UTF-8"?>
<!-- Generated by org.testng.reporters.JUnitReportReporter -->
<testsuite hostname="DESKTOP-7NA2GMB" failures="0" tests="1" name="contact.CreateContactMn" time="17.695" errors="0" timestamp="2022-03-16T17:03:07 IST" skipped="0">
  <testcase classname="contact.CreateContactMn" name="crateContact" time="17.695"/>
  <system-out>
    <![CDATA[Contact name is correct]]>
  </system-out>
</testsuite> <!-- contact.CreateContactMn -->
