<?xml version="1.0" encoding="UTF-8"?>
<!-- Generated by org.testng.reporters.JUnitReportReporter -->
<testsuite hostname="DESKTOP-7NA2GMB" failures="0" tests="1" name="com.Oppurtunity.OpportunityWithSupportSelling" time="30.643" errors="0" timestamp="2022-03-16T17:46:31 IST" skipped="0">
  <testcase classname="com.Oppurtunity.OpportunityWithSupportSelling" name="createOpportunityWithSupport" time="30.643"/>
  <system-out>
    <![CDATA[Organization is created succesfully
Opportunity is created Support group]]>
  </system-out>
</testsuite> <!-- com.Oppurtunity.OpportunityWithSupportSelling -->
