<?xml version="1.0" encoding="UTF-8"?>
<!-- Generated by org.testng.reporters.JUnitReportReporter -->
<testsuite hostname="DESKTOP-7NA2GMB" failures="0" tests="2" name="practice.MultipleDatusInDataProviderTest" time="0.010" errors="0" timestamp="2022-03-14T11:53:08 IST" skipped="0">
  <testcase classname="practice.MultipleDatusInDataProviderTest" name="multipledata" time="0.002"/>
  <system-out/>
  <testcase classname="practice.MultipleDatusInDataProviderTest" name="multipledata" time="0.008"/>
  <system-out/>
</testsuite> <!-- practice.MultipleDatusInDataProviderTest -->
