<?xml version="1.0" encoding="UTF-8"?>
<!-- Generated by org.testng.reporters.JUnitReportReporter -->
<testsuite hostname="DESKTOP-7NA2GMB" failures="0" tests="3" name="practice.DependsOnMethodTest" time="0.006" errors="0" timestamp="2022-03-23T14:24:38 IST" skipped="0">
  <testcase classname="practice.DependsOnMethodTest" name="deleteAccount" time="0.000"/>
  <system-out/>
  <testcase classname="practice.DependsOnMethodTest" name="createaccount" time="0.005"/>
  <system-out/>
  <testcase classname="practice.DependsOnMethodTest" name="modifyAccount" time="0.001"/>
  <system-out/>
</testsuite> <!-- practice.DependsOnMethodTest -->
